<?xml version="1.0" encoding="UTF-8"?>
<!-- Generated by org.testng.reporters.JUnitReportReporter -->
<testsuite hostname="52NHE3HGTOUUAT1" name="com.chanjet.testcase.LoginCase" tests="1" failures="0" timestamp="4 Sep 2014 12:58:27 GMT" time="27.787" errors="0">
  <testcase name="testcase_login" time="27.787" classname="com.chanjet.testcase.LoginCase"/>
</testsuite> <!-- com.chanjet.testcase.LoginCase -->
